<?xml version="1.0" encoding="UTF-8"?>
<coverage generated="1670504377996" clover="3.2.0">
  <project timestamp="1670504377996" name="All files">
    <metrics statements="35" coveredstatements="35" conditionals="15" coveredconditionals="15" methods="3" coveredmethods="3" elements="53" coveredelements="53" complexity="0" loc="35" ncloc="35" packages="1" files="1" classes="1"/>
    <file name="studiomate.js" path="C:\Users\House\Documents\pruebas_trabajos\prueba-studio-mate\studiomate.js">
      <metrics statements="35" coveredstatements="35" conditionals="15" coveredconditionals="15" methods="3" coveredmethods="3"/>
      <line num="1" count="1" type="cond" truecount="1" falsecount="0"/>
      <line num="2" count="1008" type="cond" truecount="1" falsecount="0"/>
      <line num="3" count="1008" type="stmt"/>
      <line num="4" count="1008" type="cond" truecount="1" falsecount="0"/>
      <line num="5" count="1" type="stmt"/>
      <line num="6" count="1" type="cond" truecount="1" falsecount="0"/>
      <line num="7" count="1007" type="stmt"/>
      <line num="8" count="1008" type="cond" truecount="2" falsecount="0"/>
      <line num="9" count="1006" type="stmt"/>
      <line num="10" count="1008" type="cond" truecount="2" falsecount="0"/>
      <line num="11" count="67" type="stmt"/>
      <line num="12" count="67" type="cond" truecount="1" falsecount="0"/>
      <line num="13" count="939" type="stmt"/>
      <line num="14" count="1008" type="cond" truecount="1" falsecount="0"/>
      <line num="15" count="269" type="stmt"/>
      <line num="16" count="269" type="cond" truecount="1" falsecount="0"/>
      <line num="17" count="670" type="stmt"/>
      <line num="18" count="1008" type="cond" truecount="1" falsecount="0"/>
      <line num="19" count="136" type="stmt"/>
      <line num="20" count="136" type="cond" truecount="1" falsecount="0"/>
      <line num="21" count="534" type="stmt"/>
      <line num="22" count="534" type="stmt"/>
      <line num="23" count="534" type="stmt"/>
      <line num="24" count="1" type="stmt"/>
      <line num="25" count="1" type="cond" truecount="1" falsecount="0"/>
      <line num="26" count="1" type="cond" truecount="1" falsecount="0"/>
      <line num="27" count="1001" type="stmt"/>
      <line num="28" count="1001" type="stmt"/>
      <line num="29" count="1" type="stmt"/>
      <line num="30" count="1" type="stmt"/>
      <line num="31" count="1" type="stmt"/>
      <line num="32" count="1" type="stmt"/>
      <line num="33" count="1" type="stmt"/>
      <line num="34" count="1" type="stmt"/>
      <line num="35" count="1" type="stmt"/>
    </file>
  </project>
</coverage>
