{"C:\\Users\\House\\Documents\\pruebas_trabajos\\prueba-studio-mate\\studiomate.js": {"path":"C:\\Users\\House\\Documents\\pruebas_trabajos\\prueba-studio-mate\\studiomate.js","all":false,"statementMap":{"0":{"start":{"line":1,"column":0},"end":{"line":1,"column":29}},"1":{"start":{"line":2,"column":0},"end":{"line":2,"column":58}},"2":{"start":{"line":3,"column":0},"end":{"line":3,"column":0}},"3":{"start":{"line":4,"column":0},"end":{"line":4,"column":32}},"4":{"start":{"line":5,"column":0},"end":{"line":5,"column":46}},"5":{"start":{"line":6,"column":0},"end":{"line":6,"column":3}},"6":{"start":{"line":7,"column":0},"end":{"line":7,"column":0}},"7":{"start":{"line":8,"column":0},"end":{"line":8,"column":26}},"8":{"start":{"line":9,"column":0},"end":{"line":9,"column":0}},"9":{"start":{"line":10,"column":0},"end":{"line":10,"column":47}},"10":{"start":{"line":11,"column":0},"end":{"line":11,"column":24}},"11":{"start":{"line":12,"column":0},"end":{"line":12,"column":3}},"12":{"start":{"line":13,"column":0},"end":{"line":13,"column":0}},"13":{"start":{"line":14,"column":0},"end":{"line":14,"column":26}},"14":{"start":{"line":15,"column":0},"end":{"line":15,"column":20}},"15":{"start":{"line":16,"column":0},"end":{"line":16,"column":3}},"16":{"start":{"line":17,"column":0},"end":{"line":17,"column":0}},"17":{"start":{"line":18,"column":0},"end":{"line":18,"column":26}},"18":{"start":{"line":19,"column":0},"end":{"line":19,"column":18}},"19":{"start":{"line":20,"column":0},"end":{"line":20,"column":3}},"20":{"start":{"line":21,"column":0},"end":{"line":21,"column":0}},"21":{"start":{"line":22,"column":0},"end":{"line":22,"column":13}},"22":{"start":{"line":23,"column":0},"end":{"line":23,"column":2}},"23":{"start":{"line":24,"column":0},"end":{"line":24,"column":0}},"24":{"start":{"line":25,"column":0},"end":{"line":25,"column":21}},"25":{"start":{"line":26,"column":0},"end":{"line":26,"column":34}},"26":{"start":{"line":27,"column":0},"end":{"line":27,"column":45}},"27":{"start":{"line":28,"column":0},"end":{"line":28,"column":3}},"28":{"start":{"line":29,"column":0},"end":{"line":29,"column":1}},"29":{"start":{"line":30,"column":0},"end":{"line":30,"column":0}},"30":{"start":{"line":31,"column":0},"end":{"line":31,"column":17}},"31":{"start":{"line":32,"column":0},"end":{"line":32,"column":0}},"32":{"start":{"line":33,"column":0},"end":{"line":33,"column":11}},"33":{"start":{"line":34,"column":0},"end":{"line":34,"column":0}},"34":{"start":{"line":35,"column":0},"end":{"line":35,"column":28}}},"s":{"0":1,"1":1008,"2":1008,"3":1008,"4":1,"5":1,"6":1007,"7":1008,"8":1006,"9":1008,"10":67,"11":67,"12":939,"13":1008,"14":269,"15":269,"16":670,"17":1008,"18":136,"19":136,"20":534,"21":534,"22":534,"23":1,"24":1,"25":1,"26":1001,"27":1001,"28":1,"29":1,"30":1,"31":1,"32":1,"33":1,"34":1},"branchMap":{"0":{"type":"branch","line":1,"loc":{"start":{"line":1,"column":20},"end":{"line":23,"column":2}},"locations":[{"start":{"line":1,"column":20},"end":{"line":23,"column":2}}]},"1":{"type":"branch","line":4,"loc":{"start":{"line":4,"column":31},"end":{"line":6,"column":3}},"locations":[{"start":{"line":4,"column":31},"end":{"line":6,"column":3}}]},"2":{"type":"branch","line":6,"loc":{"start":{"line":6,"column":2},"end":{"line":8,"column":17}},"locations":[{"start":{"line":6,"column":2},"end":{"line":8,"column":17}}]},"3":{"type":"branch","line":8,"loc":{"start":{"line":8,"column":17},"end":{"line":8,"column":26}},"locations":[{"start":{"line":8,"column":17},"end":{"line":8,"column":26}}]},"4":{"type":"branch","line":8,"loc":{"start":{"line":8,"column":25},"end":{"line":10,"column":27}},"locations":[{"start":{"line":8,"column":25},"end":{"line":10,"column":27}}]},"5":{"type":"branch","line":10,"loc":{"start":{"line":10,"column":23},"end":{"line":10,"column":44}},"locations":[{"start":{"line":10,"column":23},"end":{"line":10,"column":44}}]},"6":{"type":"branch","line":10,"loc":{"start":{"line":10,"column":46},"end":{"line":12,"column":3}},"locations":[{"start":{"line":10,"column":46},"end":{"line":12,"column":3}}]},"7":{"type":"branch","line":12,"loc":{"start":{"line":12,"column":2},"end":{"line":14,"column":25}},"locations":[{"start":{"line":12,"column":2},"end":{"line":14,"column":25}}]},"8":{"type":"branch","line":14,"loc":{"start":{"line":14,"column":25},"end":{"line":16,"column":3}},"locations":[{"start":{"line":14,"column":25},"end":{"line":16,"column":3}}]},"9":{"type":"branch","line":16,"loc":{"start":{"line":16,"column":2},"end":{"line":18,"column":25}},"locations":[{"start":{"line":16,"column":2},"end":{"line":18,"column":25}}]},"10":{"type":"branch","line":18,"loc":{"start":{"line":18,"column":25},"end":{"line":20,"column":3}},"locations":[{"start":{"line":18,"column":25},"end":{"line":20,"column":3}}]},"11":{"type":"branch","line":20,"loc":{"start":{"line":20,"column":2},"end":{"line":23,"column":2}},"locations":[{"start":{"line":20,"column":2},"end":{"line":23,"column":2}}]},"12":{"type":"branch","line":2,"loc":{"start":{"line":2,"column":20},"end":{"line":2,"column":57}},"locations":[{"start":{"line":2,"column":20},"end":{"line":2,"column":57}}]},"13":{"type":"branch","line":25,"loc":{"start":{"line":25,"column":0},"end":{"line":29,"column":1}},"locations":[{"start":{"line":25,"column":0},"end":{"line":29,"column":1}}]},"14":{"type":"branch","line":26,"loc":{"start":{"line":26,"column":33},"end":{"line":28,"column":3}},"locations":[{"start":{"line":26,"column":33},"end":{"line":28,"column":3}}]}},"b":{"0":[1008],"1":[1],"2":[1007],"3":[1],"4":[1006],"5":[336],"6":[67],"7":[939],"8":[269],"9":[670],"10":[136],"11":[534],"12":[2951],"13":[1],"14":[1001]},"fnMap":{"0":{"name":"studiomate","decl":{"start":{"line":1,"column":20},"end":{"line":23,"column":2}},"loc":{"start":{"line":1,"column":20},"end":{"line":23,"column":2}},"line":1},"1":{"name":"divisible","decl":{"start":{"line":2,"column":20},"end":{"line":2,"column":57}},"loc":{"start":{"line":2,"column":20},"end":{"line":2,"column":57}},"line":2},"2":{"name":"print","decl":{"start":{"line":25,"column":0},"end":{"line":29,"column":1}},"loc":{"start":{"line":25,"column":0},"end":{"line":29,"column":1}},"line":25}},"f":{"0":1008,"1":2951,"2":1}}
}
