TN:
SF:studiomate.js
FN:1,studiomate
FN:2,divisible
FN:25,print
FNF:3
FNH:3
FNDA:1008,studiomate
FNDA:2951,divisible
FNDA:1,print
DA:1,1
DA:2,1008
DA:3,1008
DA:4,1008
DA:5,1
DA:6,1
DA:7,1007
DA:8,1008
DA:9,1006
DA:10,1008
DA:11,67
DA:12,67
DA:13,939
DA:14,1008
DA:15,269
DA:16,269
DA:17,670
DA:18,1008
DA:19,136
DA:20,136
DA:21,534
DA:22,534
DA:23,534
DA:24,1
DA:25,1
DA:26,1
DA:27,1001
DA:28,1001
DA:29,1
DA:30,1
DA:31,1
DA:32,1
DA:33,1
DA:34,1
DA:35,1
LF:35
LH:35
BRDA:1,0,0,1008
BRDA:4,1,0,1
BRDA:6,2,0,1007
BRDA:8,3,0,1
BRDA:8,4,0,1006
BRDA:10,5,0,336
BRDA:10,6,0,67
BRDA:12,7,0,939
BRDA:14,8,0,269
BRDA:16,9,0,670
BRDA:18,10,0,136
BRDA:20,11,0,534
BRDA:2,12,0,2951
BRDA:25,13,0,1
BRDA:26,14,0,1001
BRF:15
BRH:15
end_of_record
